GTerm/GTerm.cpp: In member function ‘virtual void OS::Terminal::GTerm::str_Device(BBP::std::Stack<char>&)’:
GTerm/GTerm.cpp:53:81: warning: unused parameter ‘string’ [-Wunused-parameter]
   53 | void OS::Terminal::GTerm::str_Device(BBP::std::Stack<BBP::std::string_element> &string)
      |                                      ~~~~~~~~~~~~~~~~~~~~~~~~~~~~~~~~~~~~~~~~~~~^~~~~~
GTerm/GTerm.cpp: In member function ‘virtual void OS::Terminal::GTerm::str_Private(BBP::std::Stack<char>&)’:
GTerm/GTerm.cpp:58:82: warning: unused parameter ‘string’ [-Wunused-parameter]
   58 | void OS::Terminal::GTerm::str_Private(BBP::std::Stack<BBP::std::string_element> &string)
      |                                       ~~~~~~~~~~~~~~~~~~~~~~~~~~~~~~~~~~~~~~~~~~~^~~~~~
GTerm/GTerm.cpp: In member function ‘virtual void OS::Terminal::GTerm::str_Application(BBP::std::Stack<char>&)’:
GTerm/GTerm.cpp:63:86: warning: unused parameter ‘string’ [-Wunused-parameter]
   63 | void OS::Terminal::GTerm::str_Application(BBP::std::Stack<BBP::std::string_element> &string)
      |                                           ~~~~~~~~~~~~~~~~~~~~~~~~~~~~~~~~~~~~~~~~~~~^~~~~~
GTerm/GTerm.cpp: In member function ‘virtual void OS::Terminal::GTerm::str_OS(BBP::std::Stack<char>&)’:
GTerm/GTerm.cpp:68:77: warning: unused parameter ‘string’ [-Wunused-parameter]
   68 | void OS::Terminal::GTerm::str_OS(BBP::std::Stack<BBP::std::string_element> &string)
      |                                  ~~~~~~~~~~~~~~~~~~~~~~~~~~~~~~~~~~~~~~~~~~~^~~~~~
GTerm/GTerm.cpp: In member function ‘virtual void OS::Terminal::GTerm::str_Generic(BBP::std::Stack<char>&)’:
GTerm/GTerm.cpp:73:82: warning: unused parameter ‘string’ [-Wunused-parameter]
   73 | void OS::Terminal::GTerm::str_Generic(BBP::std::Stack<BBP::std::string_element> &string)
      |                                       ~~~~~~~~~~~~~~~~~~~~~~~~~~~~~~~~~~~~~~~~~~~^~~~~~
